<?xml version="1.0" encoding="UTF-8"?>
<!-- Generated by org.testng.reporters.JUnitReportReporter -->
<testsuite hostname="4ad07e32a96a562" failures="0" tests="1" name="LaunchBrowser" time="6.946" errors="0" timestamp="2023-11-15T19:15:44 IST" skipped="0">
  <testcase classname="LaunchBrowser" name="LaunchAndVerifyElements" time="6.946"/>
</testsuite> <!-- LaunchBrowser -->
